TN:
SF:models/Task.js
FN:5,(anonymous_0)
FN:25,(anonymous_1)
FN:30,(anonymous_2)
FN:37,(anonymous_3)
FNF:4
FNH:4
FNDA:7,(anonymous_0)
FNDA:1,(anonymous_1)
FNDA:2,(anonymous_2)
FNDA:1,(anonymous_3)
DA:1,2
DA:2,2
DA:13,7
DA:14,7
DA:15,7
DA:16,7
DA:17,7
DA:18,7
DA:19,7
DA:21,7
DA:22,7
DA:26,1
DA:27,1
DA:31,2
DA:32,1
DA:34,1
DA:38,1
DA:42,2
LF:18
LH:18
BRDA:11,0,0,5
BRDA:31,1,0,1
BRDA:31,1,1,1
BRDA:38,2,0,1
BRDA:38,2,1,1
BRF:5
BRH:5
end_of_record
TN:
SF:models/Team.js
FN:2,(anonymous_0)
FN:12,(anonymous_1)
FN:17,(anonymous_2)
FNF:3
FNH:3
FNDA:4,(anonymous_0)
FNDA:1,(anonymous_1)
FNDA:1,(anonymous_2)
DA:3,4
DA:4,4
DA:5,4
DA:6,4
DA:8,4
DA:9,4
DA:13,1
DA:14,1
DA:18,1
DA:22,2
LF:10
LH:10
BRF:0
BRH:0
end_of_record
TN:
SF:models/User.js
FN:2,(anonymous_0)
FN:15,(anonymous_1)
FN:19,(anonymous_2)
FNF:3
FNH:3
FNDA:5,(anonymous_0)
FNDA:2,(anonymous_1)
FNDA:2,(anonymous_2)
DA:3,5
DA:4,5
DA:5,5
DA:6,5
DA:7,5
DA:8,5
DA:9,5
DA:11,5
DA:12,5
DA:16,2
DA:20,2
DA:24,3
LF:12
LH:12
BRF:0
BRH:0
end_of_record
TN:
SF:models/enums/TaskPriority.js
FNF:0
FNH:0
DA:1,2
DA:7,2
DA:8,2
LF:3
LH:3
BRF:0
BRH:0
end_of_record
TN:
SF:models/enums/TaskStatus.js
FNF:0
FNH:0
DA:1,2
DA:8,2
DA:9,2
LF:3
LH:3
BRF:0
BRH:0
end_of_record
